<?xml version="1.0" encoding="UTF-8"?>
<testng-results ignored="0" total="1" passed="1" failed="0" skipped="0">
  <reporter-output>
  </reporter-output>
  <suite started-at="2024-10-21T19:39:00 BRT" name="Default suite" finished-at="2024-10-21T19:39:15 BRT" duration-ms="14308">
    <groups>
    </groups>
    <test started-at="2024-10-21T19:39:00 BRT" name="Default test" finished-at="2024-10-21T19:39:15 BRT" duration-ms="14308">
      <class name="test.CriarTarefaTest">
        <test-method is-config="true" signature="setUp()[pri:0, instance:test.CriarTarefaTest@2bfbffb2]" started-at="2024-10-21T19:39:00 BRT" name="setUp" finished-at="2024-10-21T19:39:01 BRT" duration-ms="185" status="PASS">
          <reporter-output>
          </reporter-output>
        </test-method> <!-- setUp -->
        <test-method is-config="true" signature="setup(java.lang.String)[pri:0, instance:test.CriarTarefaTest@2bfbffb2]" started-at="2024-10-21T19:39:01 BRT" name="setup" finished-at="2024-10-21T19:39:05 BRT" duration-ms="4892" status="PASS">
          <params>
            <param index="0">
              <value>
                <![CDATA[chrome]]>
              </value>
            </param>
          </params>
          <reporter-output>
          </reporter-output>
        </test-method> <!-- setup -->
        <test-method signature="createTaskTest03()[pri:0, instance:test.CriarTarefaTest@2bfbffb2]" started-at="2024-10-21T19:39:06 BRT" name="createTaskTest03" description="CT03 - Criar tarefa com campos obrigatórios " finished-at="2024-10-21T19:39:14 BRT" duration-ms="8596" status="PASS">
          <reporter-output>
          </reporter-output>
        </test-method> <!-- createTaskTest03 -->
        <test-method is-config="true" signature="postCondition()[pri:0, instance:test.CriarTarefaTest@2bfbffb2]" started-at="2024-10-21T19:39:14 BRT" name="postCondition" finished-at="2024-10-21T19:39:15 BRT" duration-ms="349" status="PASS">
          <reporter-output>
          </reporter-output>
        </test-method> <!-- postCondition -->
      </class> <!-- test.CriarTarefaTest -->
    </test> <!-- Default test -->
  </suite> <!-- Default suite -->
</testng-results>
