<?xml version="1.0" encoding="UTF-8"?>
<testng-results ignored="0" total="1" passed="1" failed="0" skipped="0">
  <reporter-output>
  </reporter-output>
  <suite started-at="2024-10-21T17:59:37 BRT" name="Default suite" finished-at="2024-10-21T17:59:43 BRT" duration-ms="6741">
    <groups>
    </groups>
    <test started-at="2024-10-21T17:59:37 BRT" name="Default test" finished-at="2024-10-21T17:59:43 BRT" duration-ms="6741">
      <class name="test.LoginTest">
        <test-method is-config="true" signature="setUp()[pri:0, instance:test.LoginTest@51ec2df1]" started-at="2024-10-21T17:59:37 BRT" name="setUp" finished-at="2024-10-21T17:59:37 BRT" duration-ms="178" status="PASS">
          <reporter-output>
          </reporter-output>
        </test-method> <!-- setUp -->
        <test-method is-config="true" signature="setup(java.lang.String)[pri:0, instance:test.LoginTest@51ec2df1]" started-at="2024-10-21T17:59:37 BRT" name="setup" finished-at="2024-10-21T17:59:41 BRT" duration-ms="3975" status="PASS">
          <params>
            <param index="0">
              <value>
                <![CDATA[chrome]]>
              </value>
            </param>
          </params>
          <reporter-output>
          </reporter-output>
        </test-method> <!-- setup -->
        <test-method signature="loginCT02()[pri:0, instance:test.LoginTest@51ec2df1]" started-at="2024-10-21T17:59:41 BRT" name="loginCT02" description="CT02 - Login com credenciais inválidas" finished-at="2024-10-21T17:59:43 BRT" duration-ms="2086" status="PASS">
          <reporter-output>
          </reporter-output>
        </test-method> <!-- loginCT02 -->
        <test-method is-config="true" signature="postCondition()[pri:0, instance:test.LoginTest@51ec2df1]" started-at="2024-10-21T17:59:43 BRT" name="postCondition" finished-at="2024-10-21T17:59:43 BRT" duration-ms="209" status="PASS">
          <reporter-output>
          </reporter-output>
        </test-method> <!-- postCondition -->
      </class> <!-- test.LoginTest -->
    </test> <!-- Default test -->
  </suite> <!-- Default suite -->
</testng-results>
